{"/Users/macbook/Desktop/hexlet/frontend-project-lvl2/src/gendiff.js": {"path":"/Users/macbook/Desktop/hexlet/frontend-project-lvl2/src/gendiff.js","statementMap":{"0":{"start":{"line":1,"column":11},"end":{"line":1,"column":24}},"1":{"start":{"line":4,"column":23},"end":{"line":4,"column":63}},"2":{"start":{"line":5,"column":22},"end":{"line":5,"column":63}},"3":{"start":{"line":6,"column":2},"end":{"line":6,"column":45}}},"fnMap":{"0":{"name":"(anonymous_0)","decl":{"start":{"line":3,"column":15},"end":{"line":3,"column":16}},"loc":{"start":{"line":3,"column":46},"end":{"line":7,"column":1}},"line":3}},"branchMap":{},"s":{"0":1,"1":1,"2":1,"3":1},"f":{"0":1},"b":{},"_coverageSchema":"43e27e138ebf9cfc5966b082cf9a028302ed4184","hash":"1da08b196be2ec847e5ceeecaaa8bea59d5845b2"}
}
